<?xml version="1.0" encoding="UTF-8"?>
<testsuite xmlns:xsi="http://www.w3.org/2001/XMLSchema-instance" xsi:noNamespaceSchemaLocation="https://maven.apache.org/surefire/maven-surefire-plugin/xsd/surefire-test-report.xsd" version="3.0.2" name="com.satyam.bcibackend.BciBackendApplicationTests" time="6.365" tests="1" errors="0" skipped="0" failures="0">
  <properties>
[...]
</properties>
  <testcase name="contextLoads" classname="com.satyam.bcibackend.BciBackendApplicationTests" time="0.697">
    <system-out><![CDATA[22:12:28.790 [main] INFO org.springframework.test.context.support.AnnotationConfigContextLoaderUtils -- Could not detect default configuration classes for test class [com.satyam.bcibackend.BciBackendApplicationTests]: BciBackendApplicationTests does not declare any static, non-private, non-final, nested classes annotated with @Configuration.
22:12:28.943 [main] INFO org.springframework.boot.test.context.SpringBootTestContextBootstrapper -- Found @SpringBootConfiguration com.satyam.bcibackend.BciBackendApplication for test class com.satyam.bcibackend.BciBackendApplicationTests

  .   ____          _            __ _ _
 /\\ / ___'_ __ _ _(_)_ __  __ _ \ \ \ \
( ( )\___ | '_ | '_| | '_ \/ _` | \ \ \ \
 \\/  ___)| |_)| | | | | || (_| |  ) ) ) )
  '  |____| .__|_| |_|_| |_\__, | / / / /
 =========|_|==============|___/=/_/_/_/

 :: Spring Boot ::                (v3.4.1)

2025-03-05T22:12:29.540+05:30  INFO 11036 --- [bci-backend] [           main] c.s.b.BciBackendApplicationTests         : Starting BciBackendApplicationTests using Java 23.0.2 with PID 11036 (started by Vandan in D:\Cerbo\bci-backend\bci-backend)
2025-03-05T22:12:29.542+05:30  INFO 11036 --- [bci-backend] [           main] c.s.b.BciBackendApplicationTests         : No active profile set, falling back to 1 default profile: "default"
2025-03-05T22:12:30.228+05:30  INFO 11036 --- [bci-backend] [           main] .s.d.r.c.RepositoryConfigurationDelegate : Multiple Spring Data modules found, entering strict repository configuration mode
2025-03-05T22:12:30.229+05:30  INFO 11036 --- [bci-backend] [           main] .s.d.r.c.RepositoryConfigurationDelegate : Bootstrapping Spring Data MongoDB repositories in DEFAULT mode.
2025-03-05T22:12:30.284+05:30  INFO 11036 --- [bci-backend] [           main] .s.d.r.c.RepositoryConfigurationDelegate : Finished Spring Data repository scanning in 48 ms. Found 4 MongoDB repository interfaces.
2025-03-05T22:12:30.549+05:30  INFO 11036 --- [bci-backend] [           main] .s.d.r.c.RepositoryConfigurationDelegate : Multiple Spring Data modules found, entering strict repository configuration mode
2025-03-05T22:12:30.551+05:30  INFO 11036 --- [bci-backend] [           main] .s.d.r.c.RepositoryConfigurationDelegate : Bootstrapping Spring Data JPA repositories in DEFAULT mode.
2025-03-05T22:12:30.579+05:30  INFO 11036 --- [bci-backend] [           main] .RepositoryConfigurationExtensionSupport : Spring Data JPA - Could not safely identify store assignment for repository candidate interface com.satyam.bcibackend.repositories.SessionRepository; If you want this repository to be a JPA repository, consider annotating your entities with one of these annotations: jakarta.persistence.Entity, jakarta.persistence.MappedSuperclass (preferred), or consider extending one of the following types with your repository: org.springframework.data.jpa.repository.JpaRepository
2025-03-05T22:12:30.580+05:30  INFO 11036 --- [bci-backend] [           main] .RepositoryConfigurationExtensionSupport : Spring Data JPA - Could not safely identify store assignment for repository candidate interface com.satyam.bcibackend.repositories.TemporaryUserRepository; If you want this repository to be a JPA repository, consider annotating your entities with one of these annotations: jakarta.persistence.Entity, jakarta.persistence.MappedSuperclass (preferred), or consider extending one of the following types with your repository: org.springframework.data.jpa.repository.JpaRepository
2025-03-05T22:12:30.582+05:30  INFO 11036 --- [bci-backend] [           main] .RepositoryConfigurationExtensionSupport : Spring Data JPA - Could not safely identify store assignment for repository candidate interface com.satyam.bcibackend.repositories.TodoRepository; If you want this repository to be a JPA repository, consider annotating your entities with one of these annotations: jakarta.persistence.Entity, jakarta.persistence.MappedSuperclass (preferred), or consider extending one of the following types with your repository: org.springframework.data.jpa.repository.JpaRepository
2025-03-05T22:12:30.583+05:30  INFO 11036 --- [bci-backend] [           main] .RepositoryConfigurationExtensionSupport : Spring Data JPA - Could not safely identify store assignment for repository candidate interface com.satyam.bcibackend.repositories.UserRepository; If you want this repository to be a JPA repository, consider annotating your entities with one of these annotations: jakarta.persistence.Entity, jakarta.persistence.MappedSuperclass (preferred), or consider extending one of the following types with your repository: org.springframework.data.jpa.repository.JpaRepository
2025-03-05T22:12:30.583+05:30  INFO 11036 --- [bci-backend] [           main] .s.d.r.c.RepositoryConfigurationDelegate : Finished Spring Data repository scanning in 25 ms. Found 0 JPA repository interfaces.
2025-03-05T22:12:31.166+05:30  INFO 11036 --- [bci-backend] [           main] com.zaxxer.hikari.HikariDataSource       : HikariPool-1 - Starting...
2025-03-05T22:12:31.385+05:30  INFO 11036 --- [bci-backend] [           main] com.zaxxer.hikari.pool.HikariPool        : HikariPool-1 - Added connection conn0: url=jdbc:h2:mem:4b553bfa-9c70-465b-98bd-724724fc7087 user=SA
2025-03-05T22:12:31.388+05:30  INFO 11036 --- [bci-backend] [           main] com.zaxxer.hikari.HikariDataSource       : HikariPool-1 - Start completed.
2025-03-05T22:12:31.506+05:30  INFO 11036 --- [bci-backend] [           main] o.hibernate.jpa.internal.util.LogHelper  : HHH000204: Processing PersistenceUnitInfo [name: default]
2025-03-05T22:12:31.607+05:30  INFO 11036 --- [bci-backend] [           main] org.hibernate.Version                    : HHH000412: Hibernate ORM core version 6.6.4.Final
2025-03-05T22:12:31.655+05:30  INFO 11036 --- [bci-backend] [           main] o.h.c.internal.RegionFactoryInitiator    : HHH000026: Second-level cache disabled
2025-03-05T22:12:32.037+05:30  INFO 11036 --- [bci-backend] [           main] o.s.o.j.p.SpringPersistenceUnitInfo      : No LoadTimeWeaver setup: ignoring JPA class transformer
2025-03-05T22:12:32.134+05:30  INFO 11036 --- [bci-backend] [           main] org.hibernate.orm.connections.pooling    : HHH10001005: Database info:
	Database JDBC URL [Connecting through datasource 'HikariDataSource (HikariPool-1)']
	Database driver: undefined/unknown
	Database version: 2.3.232
	Autocommit mode: undefined/unknown
	Isolation level: undefined/unknown
	Minimum pool size: undefined/unknown
	Maximum pool size: undefined/unknown
2025-03-05T22:12:32.514+05:30  INFO 11036 --- [bci-backend] [           main] o.h.e.t.j.p.i.JtaPlatformInitiator       : HHH000489: No JTA platform available (set 'hibernate.transaction.jta.platform' to enable JTA platform integration)
2025-03-05T22:12:32.519+05:30  INFO 11036 --- [bci-backend] [           main] j.LocalContainerEntityManagerFactoryBean : Initialized JPA EntityManagerFactory for persistence unit 'default'
2025-03-05T22:12:32.766+05:30  INFO 11036 --- [bci-backend] [7wx.mongodb.net] org.mongodb.driver.cluster               : Adding discovered server cluster0-shard-00-00.jp7wx.mongodb.net:27017 to client view of cluster
2025-03-05T22:12:32.814+05:30  INFO 11036 --- [bci-backend] [           main] org.mongodb.driver.client                : MongoClient with metadata {"application": {"name": "Cluster0"}, "driver": {"name": "mongo-java-driver|sync|spring-boot", "version": "5.2.1"}, "os": {"type": "Windows", "name": "Windows 10", "architecture": "amd64", "version": "10.0"}, "platform": "Java/Oracle Corporation/23.0.2+7-58"} created with settings MongoClientSettings{readPreference=primary, writeConcern=WriteConcern{w=majority, wTimeout=null ms, journal=null}, retryWrites=true, retryReads=true, readConcern=ReadConcern{level=null}, credential=MongoCredential{mechanism=null, userName='nandviky4', source='admin', password=<hidden>, mechanismProperties=<hidden>}, transportSettings=null, commandListeners=[], codecRegistry=ProvidersCodecRegistry{codecProviders=[ValueCodecProvider{}, BsonValueCodecProvider{}, DBRefCodecProvider{}, DBObjectCodecProvider{}, DocumentCodecProvider{}, CollectionCodecProvider{}, IterableCodecProvider{}, MapCodecProvider{}, GeoJsonCodecProvider{}, GridFSFileCodecProvider{}, Jsr310CodecProvider{}, JsonObjectCodecProvider{}, BsonCodecProvider{}, EnumCodecProvider{}, com.mongodb.client.model.mql.ExpressionCodecProvider@1c8e2850, com.mongodb.Jep395RecordCodecProvider@50ac1249, com.mongodb.KotlinCodecProvider@4bf10fe1]}, loggerSettings=LoggerSettings{maxDocumentLength=1000}, clusterSettings={hosts=[127.0.0.1:27017], srvHost=cluster0.jp7wx.mongodb.net, srvServiceName=mongodb, mode=MULTIPLE, requiredClusterType=REPLICA_SET, requiredReplicaSetName='atlas-ycyap1-shard-0', serverSelector='null', clusterListeners='[]', serverSelectionTimeout='30000 ms', localThreshold='15 ms'}, socketSettings=SocketSettings{connectTimeoutMS=10000, readTimeoutMS=0, receiveBufferSize=0, proxySettings=ProxySettings{host=null, port=null, username=null, password=null}}, heartbeatSocketSettings=SocketSettings{connectTimeoutMS=10000, readTimeoutMS=10000, receiveBufferSize=0, proxySettings=ProxySettings{host=null, port=null, username=null, password=null}}, connectionPoolSettings=ConnectionPoolSettings{maxSize=100, minSize=0, maxWaitTimeMS=120000, maxConnectionLifeTimeMS=0, maxConnectionIdleTimeMS=0, maintenanceInitialDelayMS=0, maintenanceFrequencyMS=60000, connectionPoolListeners=[], maxConnecting=2}, serverSettings=ServerSettings{heartbeatFrequencyMS=10000, minHeartbeatFrequencyMS=500, serverMonitoringMode=AUTO, serverListeners='[]', serverMonitorListeners='[]'}, sslSettings=SslSettings{enabled=true, invalidHostNameAllowed=false, context=null}, applicationName='Cluster0', compressorList=[], uuidRepresentation=JAVA_LEGACY, serverApi=null, autoEncryptionSettings=null, dnsClient=null, inetAddressResolver=null, contextProvider=null, timeoutMS=null}
2025-03-05T22:12:32.826+05:30  INFO 11036 --- [bci-backend] [7wx.mongodb.net] org.mongodb.driver.cluster               : Adding discovered server cluster0-shard-00-01.jp7wx.mongodb.net:27017 to client view of cluster
2025-03-05T22:12:32.831+05:30  INFO 11036 --- [bci-backend] [7wx.mongodb.net] org.mongodb.driver.cluster               : Adding discovered server cluster0-shard-00-02.jp7wx.mongodb.net:27017 to client view of cluster
2025-03-05T22:12:33.652+05:30  WARN 11036 --- [bci-backend] [           main] JpaBaseConfiguration$JpaWebConfiguration : spring.jpa.open-in-view is enabled by default. Therefore, database queries may be performed during view rendering. Explicitly configure spring.jpa.open-in-view to disable this warning
2025-03-05T22:12:33.718+05:30  INFO 11036 --- [bci-backend] [ngodb.net:27017] org.mongodb.driver.cluster               : Monitor thread successfully connected to server with description ServerDescription{address=cluster0-shard-00-02.jp7wx.mongodb.net:27017, type=REPLICA_SET_SECONDARY, cryptd=false, state=CONNECTED, ok=true, minWireVersion=0, maxWireVersion=25, maxDocumentSize=16777216, logicalSessionTimeoutMinutes=30, roundTripTimeNanos=560915200, minRoundTripTimeNanos=0, setName='atlas-ycyap1-shard-0', canonicalAddress=cluster0-shard-00-02.jp7wx.mongodb.net:27017, hosts=[cluster0-shard-00-00.jp7wx.mongodb.net:27017, cluster0-shard-00-02.jp7wx.mongodb.net:27017, cluster0-shard-00-01.jp7wx.mongodb.net:27017], passives=[], arbiters=[], primary='cluster0-shard-00-01.jp7wx.mongodb.net:27017', tagSet=TagSet{[Tag{name='availabilityZone', value='aps1-az2'}, Tag{name='diskState', value='READY'}, Tag{name='nodeType', value='ELECTABLE'}, Tag{name='provider', value='AWS'}, Tag{name='region', value='AP_SOUTH_1'}, Tag{name='workloadType', value='OPERATIONAL'}]}, electionId=null, setVersion=1, topologyVersion=TopologyVersion{processId=67c777d3011eaa3dc6637e82, counter=3}, lastWriteDate=Wed Mar 05 22:12:33 IST 2025, lastUpdateTimeNanos=186048920930200}
2025-03-05T22:12:33.718+05:30  INFO 11036 --- [bci-backend] [ngodb.net:27017] org.mongodb.driver.cluster               : Monitor thread successfully connected to server with description ServerDescription{address=cluster0-shard-00-01.jp7wx.mongodb.net:27017, type=REPLICA_SET_PRIMARY, cryptd=false, state=CONNECTED, ok=true, minWireVersion=0, maxWireVersion=25, maxDocumentSize=16777216, logicalSessionTimeoutMinutes=30, roundTripTimeNanos=560915200, minRoundTripTimeNanos=0, setName='atlas-ycyap1-shard-0', canonicalAddress=cluster0-shard-00-01.jp7wx.mongodb.net:27017, hosts=[cluster0-shard-00-00.jp7wx.mongodb.net:27017, cluster0-shard-00-02.jp7wx.mongodb.net:27017, cluster0-shard-00-01.jp7wx.mongodb.net:27017], passives=[], arbiters=[], primary='cluster0-shard-00-01.jp7wx.mongodb.net:27017', tagSet=TagSet{[Tag{name='availabilityZone', value='aps1-az3'}, Tag{name='diskState', value='READY'}, Tag{name='nodeType', value='ELECTABLE'}, Tag{name='provider', value='AWS'}, Tag{name='region', value='AP_SOUTH_1'}, Tag{name='workloadType', value='OPERATIONAL'}]}, electionId=7fffffff000000000000003e, setVersion=1, topologyVersion=TopologyVersion{processId=67c7768765946e931e602c15, counter=6}, lastWriteDate=Wed Mar 05 22:12:33 IST 2025, lastUpdateTimeNanos=186048920930300}
2025-03-05T22:12:33.718+05:30  INFO 11036 --- [bci-backend] [ngodb.net:27017] org.mongodb.driver.cluster               : Monitor thread successfully connected to server with description ServerDescription{address=cluster0-shard-00-00.jp7wx.mongodb.net:27017, type=REPLICA_SET_SECONDARY, cryptd=false, state=CONNECTED, ok=true, minWireVersion=0, maxWireVersion=25, maxDocumentSize=16777216, logicalSessionTimeoutMinutes=30, roundTripTimeNanos=560915100, minRoundTripTimeNanos=0, setName='atlas-ycyap1-shard-0', canonicalAddress=cluster0-shard-00-00.jp7wx.mongodb.net:27017, hosts=[cluster0-shard-00-00.jp7wx.mongodb.net:27017, cluster0-shard-00-02.jp7wx.mongodb.net:27017, cluster0-shard-00-01.jp7wx.mongodb.net:27017], passives=[], arbiters=[], primary='cluster0-shard-00-01.jp7wx.mongodb.net:27017', tagSet=TagSet{[Tag{name='availabilityZone', value='aps1-az1'}, Tag{name='diskState', value='READY'}, Tag{name='nodeType', value='ELECTABLE'}, Tag{name='provider', value='AWS'}, Tag{name='region', value='AP_SOUTH_1'}, Tag{name='workloadType', value='OPERATIONAL'}]}, electionId=null, setVersion=1, topologyVersion=TopologyVersion{processId=67c7754b6ea9d91a7fa7f517, counter=4}, lastWriteDate=Wed Mar 05 22:12:33 IST 2025, lastUpdateTimeNanos=186048920932200}
2025-03-05T22:12:33.725+05:30  INFO 11036 --- [bci-backend] [ngodb.net:27017] org.mongodb.driver.cluster               : Discovered replica set primary cluster0-shard-00-01.jp7wx.mongodb.net:27017 with max election id 7fffffff000000000000003e and max set version 1
2025-03-05T22:12:34.195+05:30  INFO 11036 --- [bci-backend] [           main] c.s.b.BciBackendApplicationTests         : Started BciBackendApplicationTests in 5.057 seconds (process running for 6.32)
]]></system-out>
    <system-err><![CDATA[Mockito is currently self-attaching to enable the inline-mock-maker. This will no longer work in future releases of the JDK. Please add Mockito as an agent to your build what is described in Mockito's documentation: https://javadoc.io/doc/org.mockito/mockito-core/latest/org/mockito/Mockito.html#0.3
WARNING: A Java agent has been loaded dynamically (C:\Users\Vandan\.m2\repository\net\bytebuddy\byte-buddy-agent\1.15.11\byte-buddy-agent-1.15.11.jar)
WARNING: If a serviceability tool is in use, please run with -XX:+EnableDynamicAgentLoading to hide this warning
WARNING: If a serviceability tool is not in use, please run with -Djdk.instrument.traceUsage for more information
WARNING: Dynamic loading of agents will be disallowed by default in a future release
]]></system-err>
  </testcase>
</testsuite>